<?xml version="1.0" encoding="UTF-8"?>
<!-- Generated by org.testng.reporters.JUnitReportReporter -->
<testsuite hostname="LIN-5CG136BW46" failures="0" tests="4" name="Runner.Hotel" time="38.906" errors="0" timestamp="2024-04-01T17:06:08 IST" skipped="0">
  <testcase classname="Runner.Hotel" name="runScenario" time="8.642"/>
  <testcase classname="Runner.Hotel" name="runScenario" time="11.033"/>
  <testcase classname="Runner.Hotel" name="runScenario" time="10.158"/>
  <testcase classname="Runner.Hotel" name="runScenario" time="9.073"/>
</testsuite> <!-- Runner.Hotel -->
